[debug] [2022-11-10T16:26:05.403Z] ----------------------------------------------------------------------
[debug] [2022-11-10T16:26:05.407Z] Command:       C:\Program Files\nodejs\node.exe C:\Users\HP\AppData\Roaming\npm\node_modules\firebase-tools\lib\bin\firebase.js deploy
[debug] [2022-11-10T16:26:05.407Z] CLI Version:   11.15.0
[debug] [2022-11-10T16:26:05.408Z] Platform:      win32
[debug] [2022-11-10T16:26:05.408Z] Node Version:  v16.17.0
[debug] [2022-11-10T16:26:05.409Z] Time:          Thu Nov 10 2022 22:26:05 GMT+0600 (Bangladesh Standard Time)
[debug] [2022-11-10T16:26:05.410Z] ----------------------------------------------------------------------
[debug] 
[debug] [2022-11-10T16:26:05.540Z] > command requires scopes: ["email","openid","https://www.googleapis.com/auth/cloudplatformprojects.readonly","https://www.googleapis.com/auth/firebase","https://www.googleapis.com/auth/cloud-platform"]
[debug] [2022-11-10T16:26:05.541Z] > authorizing via signed-in user (shahin1044cse@gmail.com)
[debug] [2022-11-10T16:26:05.541Z] [iam] checking project doctor-sam-ecfd3 for permissions ["firebase.projects.get","firebasehosting.sites.update"]
[debug] [2022-11-10T16:26:05.545Z] >>> [apiv2][query] POST https://cloudresourcemanager.googleapis.com/v1/projects/doctor-sam-ecfd3:testIamPermissions [none]
[debug] [2022-11-10T16:26:05.545Z] >>> [apiv2][(partial)header] POST https://cloudresourcemanager.googleapis.com/v1/projects/doctor-sam-ecfd3:testIamPermissions x-goog-quota-user=projects/doctor-sam-ecfd3
[debug] [2022-11-10T16:26:05.546Z] >>> [apiv2][body] POST https://cloudresourcemanager.googleapis.com/v1/projects/doctor-sam-ecfd3:testIamPermissions {"permissions":["firebase.projects.get","firebasehosting.sites.update"]}
[debug] [2022-11-10T16:26:07.388Z] <<< [apiv2][status] POST https://cloudresourcemanager.googleapis.com/v1/projects/doctor-sam-ecfd3:testIamPermissions 200
[debug] [2022-11-10T16:26:07.389Z] <<< [apiv2][body] POST https://cloudresourcemanager.googleapis.com/v1/projects/doctor-sam-ecfd3:testIamPermissions {"permissions":["firebase.projects.get","firebasehosting.sites.update"]}
[debug] [2022-11-10T16:26:07.391Z] >>> [apiv2][query] GET https://firebase.googleapis.com/v1beta1/projects/doctor-sam-ecfd3 [none]
[debug] [2022-11-10T16:26:08.223Z] <<< [apiv2][status] GET https://firebase.googleapis.com/v1beta1/projects/doctor-sam-ecfd3 200
[debug] [2022-11-10T16:26:08.224Z] <<< [apiv2][body] GET https://firebase.googleapis.com/v1beta1/projects/doctor-sam-ecfd3 {"projectId":"doctor-sam-ecfd3","projectNumber":"544397195533","displayName":"doctor-sam","name":"projects/doctor-sam-ecfd3","resources":{"hostingSite":"doctor-sam-ecfd3"},"state":"ACTIVE","etag":"1_decdc5c6-12cf-466e-8e14-3a3330d157ba"}
[info] 
[info] === Deploying to 'doctor-sam-ecfd3'...
[info] 
[info] i  deploying hosting 
[debug] [2022-11-10T16:26:08.241Z] >>> [apiv2][query] POST https://firebasehosting.googleapis.com/v1beta1/projects/-/sites/doctor-sam-ecfd3/versions [none]
[debug] [2022-11-10T16:26:08.242Z] >>> [apiv2][body] POST https://firebasehosting.googleapis.com/v1beta1/projects/-/sites/doctor-sam-ecfd3/versions {"status":"CREATED","labels":{"deployment-tool":"cli-firebase"}}
[debug] [2022-11-10T16:26:10.245Z] <<< [apiv2][status] POST https://firebasehosting.googleapis.com/v1beta1/projects/-/sites/doctor-sam-ecfd3/versions 200
[debug] [2022-11-10T16:26:10.246Z] <<< [apiv2][body] POST https://firebasehosting.googleapis.com/v1beta1/projects/-/sites/doctor-sam-ecfd3/versions {"name":"projects/544397195533/sites/doctor-sam-ecfd3/versions/5732edafc99447c9","status":"CREATED","config":{},"labels":{"deployment-tool":"cli-firebase"}}
[info] i  hosting[doctor-sam-ecfd3]: beginning deploy... 
[info] i  hosting[doctor-sam-ecfd3]: found 16 files in build 
[debug] [2022-11-10T16:26:10.295Z] [hosting] uploading with 200 concurrency
[debug] [2022-11-10T16:26:10.298Z] [hosting] hash cache [YnVpbGQ] not populated
[debug] [2022-11-10T16:26:10.626Z] [hosting] hash cache [YnVpbGQ] stored for 16 files
[debug] [2022-11-10T16:26:10.627Z] [hosting][hash queue][FINAL] {"max":310,"min":27,"avg":49.6875,"active":0,"complete":16,"success":16,"errored":0,"retried":0,"total":16,"elapsed":326}
[debug] [2022-11-10T16:26:10.627Z] >>> [apiv2][query] POST https://firebasehosting.googleapis.com/v1beta1/projects/544397195533/sites/doctor-sam-ecfd3/versions/5732edafc99447c9:populateFiles [none]
[debug] [2022-11-10T16:26:10.627Z] >>> [apiv2][body] POST https://firebasehosting.googleapis.com/v1beta1/projects/544397195533/sites/doctor-sam-ecfd3/versions/5732edafc99447c9:populateFiles {"files":{"/asset-manifest.json":"6985aada9a9ff98a40e92e5f2d5084ab8bf31a532a5f7c47df80be86d2c4f833","/index.html":"3361ae1966bbe68307375904708a356f44f33cf081cdd61453ff8dd4de6a10b4","/favicon.ico":"eae62e993eb980ec8a25058c39d5a51feab118bd2100c4deebb2a9c158ec11f9","/manifest.json":"aff3449bdc238776f5d6d967f19ec491b36aed5fb7f23ccff6500736fd58494a","/robots.txt":"bfe106a3fb878dc83461c86818bf74fc1bdc7f28538ba613cd3e775516ce8b49","/logo192.png":"3ee59515172ee198f3be375979df15ac5345183e656720a381b8872b2a39dc8b","/logo512.png":"ee7e2f3fdb8209c4b6fd7bef6ba50d1b9dba30a25bb5c3126df057e1cb6f5331","/static/js/787.ab27c924.chunk.js":"e76e351387abdcf605d831e8915f28c63f58bf9752dd868b92c04f9406ae6d53","/services.json":"379ff492edf426473615946eb9d39ade0d684e8bdf172d59b41445fb1add095c","/static/js/787.ab27c924.chunk.js.map":"264ab5a53fc25a5d438ebca9957fc3913ff7a27d79649261e1a48c1eea612bf0","/static/js/main.f32c8716.js.LICENSE.txt":"29fba471d481398619ffd50250e8431add61c7c8208f77fc9b05cd1bf9708876","/favicon.png":"2b7395326eb65c133b63a50ae972c1b807c9f93cc8689c00f998612c75bd7031","/static/css/main.23d71342.css":"e1baef222d7f2c17c85ad93e227d755ff3fdb0a8da7b8c8cd763631dbb5df156","/static/css/main.23d71342.css.map":"3ad36a1e67cc8779477ab64a68358bf285ca8c380febe040b4e383042ef0d027","/static/js/main.f32c8716.js":"544b497f0c0843025908de1ac08c2994abda738b65003d4d13c25af8afccaf25","/static/js/main.f32c8716.js.map":"cc44286410c7228b895c6691e43372ad088963e9cdf3f8ad147ab88b3ed91ef2"}}
[debug] [2022-11-10T16:26:11.925Z] <<< [apiv2][status] POST https://firebasehosting.googleapis.com/v1beta1/projects/544397195533/sites/doctor-sam-ecfd3/versions/5732edafc99447c9:populateFiles 200
[debug] [2022-11-10T16:26:11.925Z] <<< [apiv2][body] POST https://firebasehosting.googleapis.com/v1beta1/projects/544397195533/sites/doctor-sam-ecfd3/versions/5732edafc99447c9:populateFiles {"uploadRequiredHashes":["e1baef222d7f2c17c85ad93e227d755ff3fdb0a8da7b8c8cd763631dbb5df156","544b497f0c0843025908de1ac08c2994abda738b65003d4d13c25af8afccaf25","3ad36a1e67cc8779477ab64a68358bf285ca8c380febe040b4e383042ef0d027","cc44286410c7228b895c6691e43372ad088963e9cdf3f8ad147ab88b3ed91ef2","379ff492edf426473615946eb9d39ade0d684e8bdf172d59b41445fb1add095c","aff3449bdc238776f5d6d967f19ec491b36aed5fb7f23ccff6500736fd58494a","eae62e993eb980ec8a25058c39d5a51feab118bd2100c4deebb2a9c158ec11f9","2b7395326eb65c133b63a50ae972c1b807c9f93cc8689c00f998612c75bd7031","29fba471d481398619ffd50250e8431add61c7c8208f77fc9b05cd1bf9708876","e76e351387abdcf605d831e8915f28c63f58bf9752dd868b92c04f9406ae6d53","bfe106a3fb878dc83461c86818bf74fc1bdc7f28538ba613cd3e775516ce8b49","6985aada9a9ff98a40e92e5f2d5084ab8bf31a532a5f7c47df80be86d2c4f833","3361ae1966bbe68307375904708a356f44f33cf081cdd61453ff8dd4de6a10b4","264ab5a53fc25a5d438ebca9957fc3913ff7a27d79649261e1a48c1eea612bf0","3ee59515172ee198f3be375979df15ac5345183e656720a381b8872b2a39dc8b","ee7e2f3fdb8209c4b6fd7bef6ba50d1b9dba30a25bb5c3126df057e1cb6f5331"],"uploadUrl":"https://upload-firebasehosting.googleapis.com/upload/sites/doctor-sam-ecfd3/versions/5732edafc99447c9/files"}
[debug] [2022-11-10T16:26:11.930Z] >>> [apiv2][query] POST https://upload-firebasehosting.googleapis.com/upload/sites/doctor-sam-ecfd3/versions/5732edafc99447c9/files/e1baef222d7f2c17c85ad93e227d755ff3fdb0a8da7b8c8cd763631dbb5df156 [none]
[debug] [2022-11-10T16:26:11.930Z] >>> [apiv2][body] POST https://upload-firebasehosting.googleapis.com/upload/sites/doctor-sam-ecfd3/versions/5732edafc99447c9/files/e1baef222d7f2c17c85ad93e227d755ff3fdb0a8da7b8c8cd763631dbb5df156 [stream]
[debug] [2022-11-10T16:26:11.931Z] >>> [apiv2][query] POST https://upload-firebasehosting.googleapis.com/upload/sites/doctor-sam-ecfd3/versions/5732edafc99447c9/files/544b497f0c0843025908de1ac08c2994abda738b65003d4d13c25af8afccaf25 [none]
[debug] [2022-11-10T16:26:11.932Z] >>> [apiv2][body] POST https://upload-firebasehosting.googleapis.com/upload/sites/doctor-sam-ecfd3/versions/5732edafc99447c9/files/544b497f0c0843025908de1ac08c2994abda738b65003d4d13c25af8afccaf25 [stream]
[debug] [2022-11-10T16:26:11.933Z] >>> [apiv2][query] POST https://upload-firebasehosting.googleapis.com/upload/sites/doctor-sam-ecfd3/versions/5732edafc99447c9/files/3ad36a1e67cc8779477ab64a68358bf285ca8c380febe040b4e383042ef0d027 [none]
[debug] [2022-11-10T16:26:11.933Z] >>> [apiv2][body] POST https://upload-firebasehosting.googleapis.com/upload/sites/doctor-sam-ecfd3/versions/5732edafc99447c9/files/3ad36a1e67cc8779477ab64a68358bf285ca8c380febe040b4e383042ef0d027 [stream]
[debug] [2022-11-10T16:26:11.935Z] >>> [apiv2][query] POST https://upload-firebasehosting.googleapis.com/upload/sites/doctor-sam-ecfd3/versions/5732edafc99447c9/files/cc44286410c7228b895c6691e43372ad088963e9cdf3f8ad147ab88b3ed91ef2 [none]
[debug] [2022-11-10T16:26:11.935Z] >>> [apiv2][body] POST https://upload-firebasehosting.googleapis.com/upload/sites/doctor-sam-ecfd3/versions/5732edafc99447c9/files/cc44286410c7228b895c6691e43372ad088963e9cdf3f8ad147ab88b3ed91ef2 [stream]
[debug] [2022-11-10T16:26:11.936Z] >>> [apiv2][query] POST https://upload-firebasehosting.googleapis.com/upload/sites/doctor-sam-ecfd3/versions/5732edafc99447c9/files/379ff492edf426473615946eb9d39ade0d684e8bdf172d59b41445fb1add095c [none]
[debug] [2022-11-10T16:26:11.936Z] >>> [apiv2][body] POST https://upload-firebasehosting.googleapis.com/upload/sites/doctor-sam-ecfd3/versions/5732edafc99447c9/files/379ff492edf426473615946eb9d39ade0d684e8bdf172d59b41445fb1add095c [stream]
[debug] [2022-11-10T16:26:11.937Z] >>> [apiv2][query] POST https://upload-firebasehosting.googleapis.com/upload/sites/doctor-sam-ecfd3/versions/5732edafc99447c9/files/aff3449bdc238776f5d6d967f19ec491b36aed5fb7f23ccff6500736fd58494a [none]
[debug] [2022-11-10T16:26:11.937Z] >>> [apiv2][body] POST https://upload-firebasehosting.googleapis.com/upload/sites/doctor-sam-ecfd3/versions/5732edafc99447c9/files/aff3449bdc238776f5d6d967f19ec491b36aed5fb7f23ccff6500736fd58494a [stream]
[debug] [2022-11-10T16:26:11.939Z] >>> [apiv2][query] POST https://upload-firebasehosting.googleapis.com/upload/sites/doctor-sam-ecfd3/versions/5732edafc99447c9/files/eae62e993eb980ec8a25058c39d5a51feab118bd2100c4deebb2a9c158ec11f9 [none]
[debug] [2022-11-10T16:26:11.939Z] >>> [apiv2][body] POST https://upload-firebasehosting.googleapis.com/upload/sites/doctor-sam-ecfd3/versions/5732edafc99447c9/files/eae62e993eb980ec8a25058c39d5a51feab118bd2100c4deebb2a9c158ec11f9 [stream]
[debug] [2022-11-10T16:26:11.940Z] >>> [apiv2][query] POST https://upload-firebasehosting.googleapis.com/upload/sites/doctor-sam-ecfd3/versions/5732edafc99447c9/files/2b7395326eb65c133b63a50ae972c1b807c9f93cc8689c00f998612c75bd7031 [none]
[debug] [2022-11-10T16:26:11.940Z] >>> [apiv2][body] POST https://upload-firebasehosting.googleapis.com/upload/sites/doctor-sam-ecfd3/versions/5732edafc99447c9/files/2b7395326eb65c133b63a50ae972c1b807c9f93cc8689c00f998612c75bd7031 [stream]
[debug] [2022-11-10T16:26:11.941Z] >>> [apiv2][query] POST https://upload-firebasehosting.googleapis.com/upload/sites/doctor-sam-ecfd3/versions/5732edafc99447c9/files/29fba471d481398619ffd50250e8431add61c7c8208f77fc9b05cd1bf9708876 [none]
[debug] [2022-11-10T16:26:11.942Z] >>> [apiv2][body] POST https://upload-firebasehosting.googleapis.com/upload/sites/doctor-sam-ecfd3/versions/5732edafc99447c9/files/29fba471d481398619ffd50250e8431add61c7c8208f77fc9b05cd1bf9708876 [stream]
[debug] [2022-11-10T16:26:11.943Z] >>> [apiv2][query] POST https://upload-firebasehosting.googleapis.com/upload/sites/doctor-sam-ecfd3/versions/5732edafc99447c9/files/e76e351387abdcf605d831e8915f28c63f58bf9752dd868b92c04f9406ae6d53 [none]
[debug] [2022-11-10T16:26:11.943Z] >>> [apiv2][body] POST https://upload-firebasehosting.googleapis.com/upload/sites/doctor-sam-ecfd3/versions/5732edafc99447c9/files/e76e351387abdcf605d831e8915f28c63f58bf9752dd868b92c04f9406ae6d53 [stream]
[debug] [2022-11-10T16:26:11.944Z] >>> [apiv2][query] POST https://upload-firebasehosting.googleapis.com/upload/sites/doctor-sam-ecfd3/versions/5732edafc99447c9/files/bfe106a3fb878dc83461c86818bf74fc1bdc7f28538ba613cd3e775516ce8b49 [none]
[debug] [2022-11-10T16:26:11.944Z] >>> [apiv2][body] POST https://upload-firebasehosting.googleapis.com/upload/sites/doctor-sam-ecfd3/versions/5732edafc99447c9/files/bfe106a3fb878dc83461c86818bf74fc1bdc7f28538ba613cd3e775516ce8b49 [stream]
[debug] [2022-11-10T16:26:11.945Z] >>> [apiv2][query] POST https://upload-firebasehosting.googleapis.com/upload/sites/doctor-sam-ecfd3/versions/5732edafc99447c9/files/6985aada9a9ff98a40e92e5f2d5084ab8bf31a532a5f7c47df80be86d2c4f833 [none]
[debug] [2022-11-10T16:26:11.945Z] >>> [apiv2][body] POST https://upload-firebasehosting.googleapis.com/upload/sites/doctor-sam-ecfd3/versions/5732edafc99447c9/files/6985aada9a9ff98a40e92e5f2d5084ab8bf31a532a5f7c47df80be86d2c4f833 [stream]
[debug] [2022-11-10T16:26:11.946Z] >>> [apiv2][query] POST https://upload-firebasehosting.googleapis.com/upload/sites/doctor-sam-ecfd3/versions/5732edafc99447c9/files/3361ae1966bbe68307375904708a356f44f33cf081cdd61453ff8dd4de6a10b4 [none]
[debug] [2022-11-10T16:26:11.946Z] >>> [apiv2][body] POST https://upload-firebasehosting.googleapis.com/upload/sites/doctor-sam-ecfd3/versions/5732edafc99447c9/files/3361ae1966bbe68307375904708a356f44f33cf081cdd61453ff8dd4de6a10b4 [stream]
[debug] [2022-11-10T16:26:11.947Z] >>> [apiv2][query] POST https://upload-firebasehosting.googleapis.com/upload/sites/doctor-sam-ecfd3/versions/5732edafc99447c9/files/264ab5a53fc25a5d438ebca9957fc3913ff7a27d79649261e1a48c1eea612bf0 [none]
[debug] [2022-11-10T16:26:11.948Z] >>> [apiv2][body] POST https://upload-firebasehosting.googleapis.com/upload/sites/doctor-sam-ecfd3/versions/5732edafc99447c9/files/264ab5a53fc25a5d438ebca9957fc3913ff7a27d79649261e1a48c1eea612bf0 [stream]
[debug] [2022-11-10T16:26:11.948Z] >>> [apiv2][query] POST https://upload-firebasehosting.googleapis.com/upload/sites/doctor-sam-ecfd3/versions/5732edafc99447c9/files/3ee59515172ee198f3be375979df15ac5345183e656720a381b8872b2a39dc8b [none]
[debug] [2022-11-10T16:26:11.949Z] >>> [apiv2][body] POST https://upload-firebasehosting.googleapis.com/upload/sites/doctor-sam-ecfd3/versions/5732edafc99447c9/files/3ee59515172ee198f3be375979df15ac5345183e656720a381b8872b2a39dc8b [stream]
[debug] [2022-11-10T16:26:11.954Z] >>> [apiv2][query] POST https://upload-firebasehosting.googleapis.com/upload/sites/doctor-sam-ecfd3/versions/5732edafc99447c9/files/ee7e2f3fdb8209c4b6fd7bef6ba50d1b9dba30a25bb5c3126df057e1cb6f5331 [none]
[debug] [2022-11-10T16:26:11.954Z] >>> [apiv2][body] POST https://upload-firebasehosting.googleapis.com/upload/sites/doctor-sam-ecfd3/versions/5732edafc99447c9/files/ee7e2f3fdb8209c4b6fd7bef6ba50d1b9dba30a25bb5c3126df057e1cb6f5331 [stream]
[debug] [2022-11-10T16:26:11.955Z] [hosting][populate queue][FINAL] {"max":1306,"min":1306,"avg":1306,"active":0,"complete":1,"success":1,"errored":0,"retried":0,"total":1,"elapsed":1332}
[debug] [2022-11-10T16:26:11.956Z] [hosting] uploads queued: 16
[debug] [2022-11-10T16:26:16.768Z] <<< [apiv2][status] POST https://upload-firebasehosting.googleapis.com/upload/sites/doctor-sam-ecfd3/versions/5732edafc99447c9/files/e1baef222d7f2c17c85ad93e227d755ff3fdb0a8da7b8c8cd763631dbb5df156 200
[debug] [2022-11-10T16:26:16.769Z] <<< [apiv2][body] POST https://upload-firebasehosting.googleapis.com/upload/sites/doctor-sam-ecfd3/versions/5732edafc99447c9/files/e1baef222d7f2c17c85ad93e227d755ff3fdb0a8da7b8c8cd763631dbb5df156 [stream]
[debug] [2022-11-10T16:26:16.991Z] <<< [apiv2][status] POST https://upload-firebasehosting.googleapis.com/upload/sites/doctor-sam-ecfd3/versions/5732edafc99447c9/files/aff3449bdc238776f5d6d967f19ec491b36aed5fb7f23ccff6500736fd58494a 200
[debug] [2022-11-10T16:26:16.991Z] <<< [apiv2][body] POST https://upload-firebasehosting.googleapis.com/upload/sites/doctor-sam-ecfd3/versions/5732edafc99447c9/files/aff3449bdc238776f5d6d967f19ec491b36aed5fb7f23ccff6500736fd58494a [stream]
[debug] [2022-11-10T16:26:17.076Z] <<< [apiv2][status] POST https://upload-firebasehosting.googleapis.com/upload/sites/doctor-sam-ecfd3/versions/5732edafc99447c9/files/379ff492edf426473615946eb9d39ade0d684e8bdf172d59b41445fb1add095c 200
[debug] [2022-11-10T16:26:17.076Z] <<< [apiv2][body] POST https://upload-firebasehosting.googleapis.com/upload/sites/doctor-sam-ecfd3/versions/5732edafc99447c9/files/379ff492edf426473615946eb9d39ade0d684e8bdf172d59b41445fb1add095c [stream]
[debug] [2022-11-10T16:26:17.689Z] <<< [apiv2][status] POST https://upload-firebasehosting.googleapis.com/upload/sites/doctor-sam-ecfd3/versions/5732edafc99447c9/files/3ad36a1e67cc8779477ab64a68358bf285ca8c380febe040b4e383042ef0d027 200
[debug] [2022-11-10T16:26:17.689Z] <<< [apiv2][body] POST https://upload-firebasehosting.googleapis.com/upload/sites/doctor-sam-ecfd3/versions/5732edafc99447c9/files/3ad36a1e67cc8779477ab64a68358bf285ca8c380febe040b4e383042ef0d027 [stream]
[debug] [2022-11-10T16:26:17.935Z] <<< [apiv2][status] POST https://upload-firebasehosting.googleapis.com/upload/sites/doctor-sam-ecfd3/versions/5732edafc99447c9/files/544b497f0c0843025908de1ac08c2994abda738b65003d4d13c25af8afccaf25 200
[debug] [2022-11-10T16:26:17.936Z] <<< [apiv2][body] POST https://upload-firebasehosting.googleapis.com/upload/sites/doctor-sam-ecfd3/versions/5732edafc99447c9/files/544b497f0c0843025908de1ac08c2994abda738b65003d4d13c25af8afccaf25 [stream]
[debug] [2022-11-10T16:26:18.346Z] <<< [apiv2][status] POST https://upload-firebasehosting.googleapis.com/upload/sites/doctor-sam-ecfd3/versions/5732edafc99447c9/files/29fba471d481398619ffd50250e8431add61c7c8208f77fc9b05cd1bf9708876 200
[debug] [2022-11-10T16:26:18.346Z] <<< [apiv2][body] POST https://upload-firebasehosting.googleapis.com/upload/sites/doctor-sam-ecfd3/versions/5732edafc99447c9/files/29fba471d481398619ffd50250e8431add61c7c8208f77fc9b05cd1bf9708876 [stream]
[debug] [2022-11-10T16:26:18.481Z] <<< [apiv2][status] POST https://upload-firebasehosting.googleapis.com/upload/sites/doctor-sam-ecfd3/versions/5732edafc99447c9/files/eae62e993eb980ec8a25058c39d5a51feab118bd2100c4deebb2a9c158ec11f9 200
[debug] [2022-11-10T16:26:18.482Z] <<< [apiv2][body] POST https://upload-firebasehosting.googleapis.com/upload/sites/doctor-sam-ecfd3/versions/5732edafc99447c9/files/eae62e993eb980ec8a25058c39d5a51feab118bd2100c4deebb2a9c158ec11f9 [stream]
[debug] [2022-11-10T16:26:18.491Z] <<< [apiv2][status] POST https://upload-firebasehosting.googleapis.com/upload/sites/doctor-sam-ecfd3/versions/5732edafc99447c9/files/e76e351387abdcf605d831e8915f28c63f58bf9752dd868b92c04f9406ae6d53 200
[debug] [2022-11-10T16:26:18.492Z] <<< [apiv2][body] POST https://upload-firebasehosting.googleapis.com/upload/sites/doctor-sam-ecfd3/versions/5732edafc99447c9/files/e76e351387abdcf605d831e8915f28c63f58bf9752dd868b92c04f9406ae6d53 [stream]
[debug] [2022-11-10T16:26:18.520Z] <<< [apiv2][status] POST https://upload-firebasehosting.googleapis.com/upload/sites/doctor-sam-ecfd3/versions/5732edafc99447c9/files/cc44286410c7228b895c6691e43372ad088963e9cdf3f8ad147ab88b3ed91ef2 200
[debug] [2022-11-10T16:26:18.520Z] <<< [apiv2][body] POST https://upload-firebasehosting.googleapis.com/upload/sites/doctor-sam-ecfd3/versions/5732edafc99447c9/files/cc44286410c7228b895c6691e43372ad088963e9cdf3f8ad147ab88b3ed91ef2 [stream]
[debug] [2022-11-10T16:26:18.662Z] <<< [apiv2][status] POST https://upload-firebasehosting.googleapis.com/upload/sites/doctor-sam-ecfd3/versions/5732edafc99447c9/files/3ee59515172ee198f3be375979df15ac5345183e656720a381b8872b2a39dc8b 200
[debug] [2022-11-10T16:26:18.662Z] <<< [apiv2][body] POST https://upload-firebasehosting.googleapis.com/upload/sites/doctor-sam-ecfd3/versions/5732edafc99447c9/files/3ee59515172ee198f3be375979df15ac5345183e656720a381b8872b2a39dc8b [stream]
[debug] [2022-11-10T16:26:18.690Z] <<< [apiv2][status] POST https://upload-firebasehosting.googleapis.com/upload/sites/doctor-sam-ecfd3/versions/5732edafc99447c9/files/bfe106a3fb878dc83461c86818bf74fc1bdc7f28538ba613cd3e775516ce8b49 200
[debug] [2022-11-10T16:26:18.690Z] <<< [apiv2][body] POST https://upload-firebasehosting.googleapis.com/upload/sites/doctor-sam-ecfd3/versions/5732edafc99447c9/files/bfe106a3fb878dc83461c86818bf74fc1bdc7f28538ba613cd3e775516ce8b49 [stream]
[debug] [2022-11-10T16:26:18.699Z] <<< [apiv2][status] POST https://upload-firebasehosting.googleapis.com/upload/sites/doctor-sam-ecfd3/versions/5732edafc99447c9/files/ee7e2f3fdb8209c4b6fd7bef6ba50d1b9dba30a25bb5c3126df057e1cb6f5331 200
[debug] [2022-11-10T16:26:18.699Z] <<< [apiv2][body] POST https://upload-firebasehosting.googleapis.com/upload/sites/doctor-sam-ecfd3/versions/5732edafc99447c9/files/ee7e2f3fdb8209c4b6fd7bef6ba50d1b9dba30a25bb5c3126df057e1cb6f5331 [stream]
[debug] [2022-11-10T16:26:19.136Z] <<< [apiv2][status] POST https://upload-firebasehosting.googleapis.com/upload/sites/doctor-sam-ecfd3/versions/5732edafc99447c9/files/3361ae1966bbe68307375904708a356f44f33cf081cdd61453ff8dd4de6a10b4 200
[debug] [2022-11-10T16:26:19.136Z] <<< [apiv2][body] POST https://upload-firebasehosting.googleapis.com/upload/sites/doctor-sam-ecfd3/versions/5732edafc99447c9/files/3361ae1966bbe68307375904708a356f44f33cf081cdd61453ff8dd4de6a10b4 [stream]
[debug] [2022-11-10T16:26:19.341Z] <<< [apiv2][status] POST https://upload-firebasehosting.googleapis.com/upload/sites/doctor-sam-ecfd3/versions/5732edafc99447c9/files/2b7395326eb65c133b63a50ae972c1b807c9f93cc8689c00f998612c75bd7031 200
[debug] [2022-11-10T16:26:19.341Z] <<< [apiv2][body] POST https://upload-firebasehosting.googleapis.com/upload/sites/doctor-sam-ecfd3/versions/5732edafc99447c9/files/2b7395326eb65c133b63a50ae972c1b807c9f93cc8689c00f998612c75bd7031 [stream]
[debug] [2022-11-10T16:26:19.554Z] <<< [apiv2][status] POST https://upload-firebasehosting.googleapis.com/upload/sites/doctor-sam-ecfd3/versions/5732edafc99447c9/files/264ab5a53fc25a5d438ebca9957fc3913ff7a27d79649261e1a48c1eea612bf0 200
[debug] [2022-11-10T16:26:19.554Z] <<< [apiv2][body] POST https://upload-firebasehosting.googleapis.com/upload/sites/doctor-sam-ecfd3/versions/5732edafc99447c9/files/264ab5a53fc25a5d438ebca9957fc3913ff7a27d79649261e1a48c1eea612bf0 [stream]
[debug] [2022-11-10T16:26:20.275Z] <<< [apiv2][status] POST https://upload-firebasehosting.googleapis.com/upload/sites/doctor-sam-ecfd3/versions/5732edafc99447c9/files/6985aada9a9ff98a40e92e5f2d5084ab8bf31a532a5f7c47df80be86d2c4f833 200
[debug] [2022-11-10T16:26:20.275Z] <<< [apiv2][body] POST https://upload-firebasehosting.googleapis.com/upload/sites/doctor-sam-ecfd3/versions/5732edafc99447c9/files/6985aada9a9ff98a40e92e5f2d5084ab8bf31a532a5f7c47df80be86d2c4f833 [stream]
[debug] [2022-11-10T16:26:20.275Z] [hosting][upload queue][FINAL] {"max":8346,"min":4843,"avg":6488.625,"active":0,"complete":16,"success":16,"errored":0,"retried":0,"total":16,"elapsed":8349}
[info] +  hosting[doctor-sam-ecfd3]: file upload complete 
[debug] [2022-11-10T16:26:20.278Z] [hosting] deploy completed after 10026ms
[debug] [2022-11-10T16:26:20.287Z] [
  {
    "config": {
      "public": "build",
      "ignore": [
        "firebase.json",
        "**/.*",
        "**/node_modules/**"
      ],
      "rewrites": [
        {
          "source": "**",
          "destination": "/index.html"
        }
      ],
      "site": "doctor-sam-ecfd3"
    },
    "version": "projects/544397195533/sites/doctor-sam-ecfd3/versions/5732edafc99447c9"
  }
]
[info] i  hosting[doctor-sam-ecfd3]: finalizing version... 
[debug] [2022-11-10T16:26:20.298Z] >>> [apiv2][query] PATCH https://firebasehosting.googleapis.com/v1beta1/projects/-/sites/doctor-sam-ecfd3/versions/5732edafc99447c9 updateMask=status%2Cconfig
[debug] [2022-11-10T16:26:20.298Z] >>> [apiv2][body] PATCH https://firebasehosting.googleapis.com/v1beta1/projects/-/sites/doctor-sam-ecfd3/versions/5732edafc99447c9 {"status":"FINALIZED","config":{"rewrites":[{"glob":"**","path":"/index.html"}]}}
[debug] [2022-11-10T16:26:21.667Z] <<< [apiv2][status] PATCH https://firebasehosting.googleapis.com/v1beta1/projects/-/sites/doctor-sam-ecfd3/versions/5732edafc99447c9 200
[debug] [2022-11-10T16:26:21.668Z] <<< [apiv2][body] PATCH https://firebasehosting.googleapis.com/v1beta1/projects/-/sites/doctor-sam-ecfd3/versions/5732edafc99447c9 {"name":"projects/544397195533/sites/doctor-sam-ecfd3/versions/5732edafc99447c9","status":"FINALIZED","config":{"rewrites":[{"glob":"**","path":"/index.html"}]},"labels":{"deployment-tool":"cli-firebase"},"createTime":"2022-11-10T16:26:09.875897Z","createUser":{"email":"shahin1044cse@gmail.com"},"finalizeTime":"2022-11-10T16:26:21.884809Z","finalizeUser":{"email":"shahin1044cse@gmail.com"}}
[debug] [2022-11-10T16:26:21.668Z] [hosting] finalized version for doctor-sam-ecfd3:[object Object]
[info] +  hosting[doctor-sam-ecfd3]: version finalized 
[info] i  hosting[doctor-sam-ecfd3]: releasing new version... 
[debug] [2022-11-10T16:26:21.674Z] >>> [apiv2][query] POST https://firebasehosting.googleapis.com/v1beta1/projects/-/sites/doctor-sam-ecfd3/channels/live/releases versionName=projects%2F544397195533%2Fsites%2Fdoctor-sam-ecfd3%2Fversions%2F5732edafc99447c9
[debug] [2022-11-10T16:26:21.675Z] >>> [apiv2][body] POST https://firebasehosting.googleapis.com/v1beta1/projects/-/sites/doctor-sam-ecfd3/channels/live/releases {}
[debug] [2022-11-10T16:26:22.577Z] <<< [apiv2][status] POST https://firebasehosting.googleapis.com/v1beta1/projects/-/sites/doctor-sam-ecfd3/channels/live/releases 200
[debug] [2022-11-10T16:26:22.578Z] <<< [apiv2][body] POST https://firebasehosting.googleapis.com/v1beta1/projects/-/sites/doctor-sam-ecfd3/channels/live/releases {"name":"projects/544397195533/sites/doctor-sam-ecfd3/channels/live/releases/1668097582221566","version":{"name":"projects/544397195533/sites/doctor-sam-ecfd3/versions/5732edafc99447c9","status":"FINALIZED","config":{"rewrites":[{"glob":"**","path":"/index.html"}]},"labels":{"deployment-tool":"cli-firebase"},"createTime":"2022-11-10T16:26:09.875897Z","createUser":{"email":"shahin1044cse@gmail.com","imageUrl":"https://lh3.googleusercontent.com/a/ALm5wu1G3WgjoofasbOMLa8usf7763sE4xKgF_wvEqCE"},"finalizeTime":"2022-11-10T16:26:21.884809Z","finalizeUser":{"email":"shahin1044cse@gmail.com","imageUrl":"https://lh3.googleusercontent.com/a/ALm5wu1G3WgjoofasbOMLa8usf7763sE4xKgF_wvEqCE"}},"type":"DEPLOY","releaseTime":"2022-11-10T16:26:22.221566838Z","releaseUser":{"email":"shahin1044cse@gmail.com","imageUrl":"https://lh3.googleusercontent.com/a/ALm5wu1G3WgjoofasbOMLa8usf7763sE4xKgF_wvEqCE"}}
[debug] [2022-11-10T16:26:22.578Z] [hosting] release: {"name":"projects/544397195533/sites/doctor-sam-ecfd3/channels/live/releases/1668097582221566","version":{"name":"projects/544397195533/sites/doctor-sam-ecfd3/versions/5732edafc99447c9","status":"FINALIZED","config":{"rewrites":[{"glob":"**","path":"/index.html"}]},"labels":{"deployment-tool":"cli-firebase"},"createTime":"2022-11-10T16:26:09.875897Z","createUser":{"email":"shahin1044cse@gmail.com","imageUrl":"https://lh3.googleusercontent.com/a/ALm5wu1G3WgjoofasbOMLa8usf7763sE4xKgF_wvEqCE"},"finalizeTime":"2022-11-10T16:26:21.884809Z","finalizeUser":{"email":"shahin1044cse@gmail.com","imageUrl":"https://lh3.googleusercontent.com/a/ALm5wu1G3WgjoofasbOMLa8usf7763sE4xKgF_wvEqCE"}},"type":"DEPLOY","releaseTime":"2022-11-10T16:26:22.221566838Z","releaseUser":{"email":"shahin1044cse@gmail.com","imageUrl":"https://lh3.googleusercontent.com/a/ALm5wu1G3WgjoofasbOMLa8usf7763sE4xKgF_wvEqCE"}}
[info] +  hosting[doctor-sam-ecfd3]: release complete 
[info] 
[info] +  Deploy complete! 
[info] 
[info] Project Console: https://console.firebase.google.com/project/doctor-sam-ecfd3/overview
[info] Hosting URL: https://doctor-sam-ecfd3.web.app
[debug] [2022-11-10T16:26:41.344Z] Error: Timed out.
    at Timeout.<anonymous> (C:\Users\HP\AppData\Roaming\npm\node_modules\firebase-tools\lib\utils.js:253:49)
    at listOnTimeout (node:internal/timers:559:17)
    at processTimers (node:internal/timers:502:7)
[error] 
[error] Error: An unexpected error has occurred.
